mode: set
github.com/Terry-Mao/goim/internal/logic/dao/dao.go:21.31,29.2 2 1
github.com/Terry-Mao/goim/internal/logic/dao/dao.go:31.52,38.16 7 1
github.com/Terry-Mao/goim/internal/logic/dao/dao.go:41.2,41.12 1 1
github.com/Terry-Mao/goim/internal/logic/dao/dao.go:38.16,39.13 1 0
github.com/Terry-Mao/goim/internal/logic/dao/dao.go:44.42,49.36 1 1
github.com/Terry-Mao/goim/internal/logic/dao/dao.go:49.36,56.18 2 1
github.com/Terry-Mao/goim/internal/logic/dao/dao.go:59.4,59.20 1 1
github.com/Terry-Mao/goim/internal/logic/dao/dao.go:56.18,58.5 1 0
github.com/Terry-Mao/goim/internal/logic/dao/dao.go:65.29,67.2 1 1
github.com/Terry-Mao/goim/internal/logic/dao/dao.go:70.45,72.2 1 1
github.com/Terry-Mao/goim/internal/logic/dao/kafka.go:14.106,23.16 3 1
github.com/Terry-Mao/goim/internal/logic/dao/kafka.go:26.2,31.55 2 1
github.com/Terry-Mao/goim/internal/logic/dao/kafka.go:34.2,34.8 1 1
github.com/Terry-Mao/goim/internal/logic/dao/kafka.go:23.16,25.3 1 0
github.com/Terry-Mao/goim/internal/logic/dao/kafka.go:31.55,33.3 1 0
github.com/Terry-Mao/goim/internal/logic/dao/kafka.go:38.98,46.16 3 1
github.com/Terry-Mao/goim/internal/logic/dao/kafka.go:49.2,54.55 2 1
github.com/Terry-Mao/goim/internal/logic/dao/kafka.go:57.2,57.8 1 1
github.com/Terry-Mao/goim/internal/logic/dao/kafka.go:46.16,48.3 1 0
github.com/Terry-Mao/goim/internal/logic/dao/kafka.go:54.55,56.3 1 0
github.com/Terry-Mao/goim/internal/logic/dao/kafka.go:61.100,70.16 3 1
github.com/Terry-Mao/goim/internal/logic/dao/kafka.go:73.2,78.55 2 1
github.com/Terry-Mao/goim/internal/logic/dao/kafka.go:81.2,81.8 1 1
github.com/Terry-Mao/goim/internal/logic/dao/kafka.go:70.16,72.3 1 0
github.com/Terry-Mao/goim/internal/logic/dao/kafka.go:78.55,80.3 1 0
github.com/Terry-Mao/goim/internal/logic/dao/redis.go:23.37,25.2 1 1
github.com/Terry-Mao/goim/internal/logic/dao/redis.go:27.38,29.2 1 1
github.com/Terry-Mao/goim/internal/logic/dao/redis.go:31.41,33.2 1 1
github.com/Terry-Mao/goim/internal/logic/dao/redis.go:36.56,41.2 4 1
github.com/Terry-Mao/goim/internal/logic/dao/redis.go:47.88,51.13 4 1
github.com/Terry-Mao/goim/internal/logic/dao/redis.go:62.2,62.67 1 1
github.com/Terry-Mao/goim/internal/logic/dao/redis.go:66.2,66.77 1 1
github.com/Terry-Mao/goim/internal/logic/dao/redis.go:70.2,70.36 1 1
github.com/Terry-Mao/goim/internal/logic/dao/redis.go:74.2,74.25 1 1
github.com/Terry-Mao/goim/internal/logic/dao/redis.go:80.2,80.8 1 1
github.com/Terry-Mao/goim/internal/logic/dao/redis.go:51.13,52.74 1 1
github.com/Terry-Mao/goim/internal/logic/dao/redis.go:56.3,56.78 1 1
github.com/Terry-Mao/goim/internal/logic/dao/redis.go:60.3,60.9 1 1
github.com/Terry-Mao/goim/internal/logic/dao/redis.go:52.74,55.4 2 0
github.com/Terry-Mao/goim/internal/logic/dao/redis.go:56.78,59.4 2 0
github.com/Terry-Mao/goim/internal/logic/dao/redis.go:62.67,65.3 2 0
github.com/Terry-Mao/goim/internal/logic/dao/redis.go:66.77,69.3 2 0
github.com/Terry-Mao/goim/internal/logic/dao/redis.go:70.36,73.3 2 0
github.com/Terry-Mao/goim/internal/logic/dao/redis.go:74.25,75.42 1 1
github.com/Terry-Mao/goim/internal/logic/dao/redis.go:75.42,78.4 2 0
github.com/Terry-Mao/goim/internal/logic/dao/redis.go:84.93,88.13 4 1
github.com/Terry-Mao/goim/internal/logic/dao/redis.go:95.2,95.77 1 1
github.com/Terry-Mao/goim/internal/logic/dao/redis.go:99.2,99.36 1 1
github.com/Terry-Mao/goim/internal/logic/dao/redis.go:103.2,103.25 1 1
github.com/Terry-Mao/goim/internal/logic/dao/redis.go:109.2,109.8 1 1
github.com/Terry-Mao/goim/internal/logic/dao/redis.go:88.13,89.78 1 1
github.com/Terry-Mao/goim/internal/logic/dao/redis.go:93.3,93.6 1 1
github.com/Terry-Mao/goim/internal/logic/dao/redis.go:89.78,92.4 2 0
github.com/Terry-Mao/goim/internal/logic/dao/redis.go:95.77,98.3 2 0
github.com/Terry-Mao/goim/internal/logic/dao/redis.go:99.36,102.3 2 0
github.com/Terry-Mao/goim/internal/logic/dao/redis.go:103.25,104.56 1 1
github.com/Terry-Mao/goim/internal/logic/dao/redis.go:104.56,107.4 2 0
github.com/Terry-Mao/goim/internal/logic/dao/redis.go:113.98,117.13 4 1
github.com/Terry-Mao/goim/internal/logic/dao/redis.go:124.2,124.59 1 1
github.com/Terry-Mao/goim/internal/logic/dao/redis.go:128.2,128.36 1 1
github.com/Terry-Mao/goim/internal/logic/dao/redis.go:132.2,132.25 1 1
github.com/Terry-Mao/goim/internal/logic/dao/redis.go:138.2,138.8 1 1
github.com/Terry-Mao/goim/internal/logic/dao/redis.go:117.13,118.66 1 1
github.com/Terry-Mao/goim/internal/logic/dao/redis.go:122.3,122.6 1 1
github.com/Terry-Mao/goim/internal/logic/dao/redis.go:118.66,121.4 2 0
github.com/Terry-Mao/goim/internal/logic/dao/redis.go:124.59,127.3 2 0
github.com/Terry-Mao/goim/internal/logic/dao/redis.go:128.36,131.3 2 0
github.com/Terry-Mao/goim/internal/logic/dao/redis.go:132.25,133.56 1 1
github.com/Terry-Mao/goim/internal/logic/dao/redis.go:133.56,136.4 2 0
github.com/Terry-Mao/goim/internal/logic/dao/redis.go:142.89,146.27 4 1
github.com/Terry-Mao/goim/internal/logic/dao/redis.go:149.2,149.68 1 1
github.com/Terry-Mao/goim/internal/logic/dao/redis.go:152.2,152.8 1 1
github.com/Terry-Mao/goim/internal/logic/dao/redis.go:146.27,148.3 1 1
github.com/Terry-Mao/goim/internal/logic/dao/redis.go:149.68,151.3 1 0
github.com/Terry-Mao/goim/internal/logic/dao/redis.go:156.111,160.27 4 1
github.com/Terry-Mao/goim/internal/logic/dao/redis.go:166.2,166.36 1 1
github.com/Terry-Mao/goim/internal/logic/dao/redis.go:170.2,170.39 1 1
github.com/Terry-Mao/goim/internal/logic/dao/redis.go:185.2,185.8 1 1
github.com/Terry-Mao/goim/internal/logic/dao/redis.go:160.27,161.64 1 1
github.com/Terry-Mao/goim/internal/logic/dao/redis.go:161.64,164.4 2 0
github.com/Terry-Mao/goim/internal/logic/dao/redis.go:166.36,169.3 2 0
github.com/Terry-Mao/goim/internal/logic/dao/redis.go:170.39,174.61 2 1
github.com/Terry-Mao/goim/internal/logic/dao/redis.go:178.3,178.19 1 1
github.com/Terry-Mao/goim/internal/logic/dao/redis.go:181.3,181.25 1 1
github.com/Terry-Mao/goim/internal/logic/dao/redis.go:174.61,177.4 2 0
github.com/Terry-Mao/goim/internal/logic/dao/redis.go:178.19,180.4 1 1
github.com/Terry-Mao/goim/internal/logic/dao/redis.go:181.25,183.4 1 1
github.com/Terry-Mao/goim/internal/logic/dao/redis.go:189.99,191.44 2 1
github.com/Terry-Mao/goim/internal/logic/dao/redis.go:199.2,200.39 2 1
github.com/Terry-Mao/goim/internal/logic/dao/redis.go:206.2,206.8 1 1
github.com/Terry-Mao/goim/internal/logic/dao/redis.go:191.44,193.18 2 1
github.com/Terry-Mao/goim/internal/logic/dao/redis.go:197.3,197.21 1 1
github.com/Terry-Mao/goim/internal/logic/dao/redis.go:193.18,196.4 2 1
github.com/Terry-Mao/goim/internal/logic/dao/redis.go:200.39,202.17 2 1
github.com/Terry-Mao/goim/internal/logic/dao/redis.go:202.17,204.4 1 0
github.com/Terry-Mao/goim/internal/logic/dao/redis.go:209.112,213.58 4 1
github.com/Terry-Mao/goim/internal/logic/dao/redis.go:217.2,217.63 1 1
github.com/Terry-Mao/goim/internal/logic/dao/redis.go:221.2,221.36 1 1
github.com/Terry-Mao/goim/internal/logic/dao/redis.go:225.2,225.25 1 1
github.com/Terry-Mao/goim/internal/logic/dao/redis.go:231.2,231.8 1 1
github.com/Terry-Mao/goim/internal/logic/dao/redis.go:213.58,216.3 2 0
github.com/Terry-Mao/goim/internal/logic/dao/redis.go:217.63,220.3 2 0
github.com/Terry-Mao/goim/internal/logic/dao/redis.go:221.36,224.3 2 0
github.com/Terry-Mao/goim/internal/logic/dao/redis.go:225.25,226.42 1 1
github.com/Terry-Mao/goim/internal/logic/dao/redis.go:226.42,229.4 2 0
github.com/Terry-Mao/goim/internal/logic/dao/redis.go:235.96,238.26 3 1
github.com/Terry-Mao/goim/internal/logic/dao/redis.go:250.2,250.8 1 1
github.com/Terry-Mao/goim/internal/logic/dao/redis.go:238.26,240.30 2 1
github.com/Terry-Mao/goim/internal/logic/dao/redis.go:240.30,242.35 2 1
github.com/Terry-Mao/goim/internal/logic/dao/redis.go:245.4,245.42 1 1
github.com/Terry-Mao/goim/internal/logic/dao/redis.go:242.35,244.5 1 0
github.com/Terry-Mao/goim/internal/logic/dao/redis.go:245.42,247.5 1 1
github.com/Terry-Mao/goim/internal/logic/dao/redis.go:253.109,257.16 4 1
github.com/Terry-Mao/goim/internal/logic/dao/redis.go:263.2,264.49 2 1
github.com/Terry-Mao/goim/internal/logic/dao/redis.go:268.2,268.8 1 1
github.com/Terry-Mao/goim/internal/logic/dao/redis.go:257.16,258.26 1 1
github.com/Terry-Mao/goim/internal/logic/dao/redis.go:261.3,261.9 1 1
github.com/Terry-Mao/goim/internal/logic/dao/redis.go:258.26,260.4 1 0
github.com/Terry-Mao/goim/internal/logic/dao/redis.go:264.49,267.3 2 0
github.com/Terry-Mao/goim/internal/logic/dao/redis.go:272.77,276.46 4 1
github.com/Terry-Mao/goim/internal/logic/dao/redis.go:279.2,279.8 1 1
github.com/Terry-Mao/goim/internal/logic/dao/redis.go:276.46,278.3 1 0
